[0.401s] Invoking command in '/home/tashu/ros2_ws/src/mypkg': PYTHONPATH=/home/tashu/ros2_ws/src/mypkg/build/mypkg/prefix_override:/usr/lib/python3/dist-packages/colcon_core/task/python/colcon_distutils_commands:/home/tashu/ros2_ws/src/mypkg/install/mypkg/lib/python3.8/site-packages:${PYTHONPATH} /usr/bin/python3 -W ignore:setup.py install is deprecated setup.py egg_info --egg-base build/mypkg build --build-base /home/tashu/ros2_ws/src/mypkg/build/mypkg/build install --record /home/tashu/ros2_ws/src/mypkg/build/mypkg/install.log --install-scripts $base/lib/mypkg --single-version-externally-managed install_data
[0.526s] running egg_info
[0.526s] writing build/mypkg/mypkg.egg-info/PKG-INFO
[0.527s] writing dependency_links to build/mypkg/mypkg.egg-info/dependency_links.txt
[0.527s] writing entry points to build/mypkg/mypkg.egg-info/entry_points.txt
[0.527s] writing requirements to build/mypkg/mypkg.egg-info/requires.txt
[0.527s] writing top-level names to build/mypkg/mypkg.egg-info/top_level.txt
[0.548s] reading manifest file 'build/mypkg/mypkg.egg-info/SOURCES.txt'
[0.549s] writing manifest file 'build/mypkg/mypkg.egg-info/SOURCES.txt'
[0.549s] running build
[0.549s] running build_py
[0.549s] copying mypkg/talker.py -> /home/tashu/ros2_ws/src/mypkg/build/mypkg/build/lib/mypkg
[0.549s] copying mypkg/listener.py -> /home/tashu/ros2_ws/src/mypkg/build/mypkg/build/lib/mypkg
[0.549s] running install
[0.550s] running install_lib
[0.551s] copying /home/tashu/ros2_ws/src/mypkg/build/mypkg/build/lib/mypkg/talker.py -> /home/tashu/ros2_ws/src/mypkg/install/mypkg/lib/python3.8/site-packages/mypkg
[0.551s] copying /home/tashu/ros2_ws/src/mypkg/build/mypkg/build/lib/mypkg/listener.py -> /home/tashu/ros2_ws/src/mypkg/install/mypkg/lib/python3.8/site-packages/mypkg
[0.551s] byte-compiling /home/tashu/ros2_ws/src/mypkg/install/mypkg/lib/python3.8/site-packages/mypkg/talker.py to talker.cpython-38.pyc
[0.552s]   File "/home/tashu/ros2_ws/src/mypkg/install/mypkg/lib/python3.8/site-packages/mypkg/talker.py", line 16
[0.552s]     except requests.exceptions.RequestException as e:
[0.552s]     ^
[0.552s] SyntaxError: invalid syntax
[0.552s] 
[0.552s] byte-compiling /home/tashu/ros2_ws/src/mypkg/install/mypkg/lib/python3.8/site-packages/mypkg/listener.py to listener.cpython-38.pyc
[0.553s] running install_data
[0.553s] running install_egg_info
[0.554s] removing '/home/tashu/ros2_ws/src/mypkg/install/mypkg/lib/python3.8/site-packages/mypkg-0.0.0-py3.8.egg-info' (and everything under it)
[0.554s] Copying build/mypkg/mypkg.egg-info to /home/tashu/ros2_ws/src/mypkg/install/mypkg/lib/python3.8/site-packages/mypkg-0.0.0-py3.8.egg-info
[0.555s] running install_scripts
[0.566s] Installing listener script to /home/tashu/ros2_ws/src/mypkg/install/mypkg/lib/mypkg
[0.566s] Installing talker script to /home/tashu/ros2_ws/src/mypkg/install/mypkg/lib/mypkg
[0.566s] writing list of installed files to '/home/tashu/ros2_ws/src/mypkg/build/mypkg/install.log'
[0.580s] Invoked command in '/home/tashu/ros2_ws/src/mypkg' returned '0': PYTHONPATH=/home/tashu/ros2_ws/src/mypkg/build/mypkg/prefix_override:/usr/lib/python3/dist-packages/colcon_core/task/python/colcon_distutils_commands:/home/tashu/ros2_ws/src/mypkg/install/mypkg/lib/python3.8/site-packages:${PYTHONPATH} /usr/bin/python3 -W ignore:setup.py install is deprecated setup.py egg_info --egg-base build/mypkg build --build-base /home/tashu/ros2_ws/src/mypkg/build/mypkg/build install --record /home/tashu/ros2_ws/src/mypkg/build/mypkg/install.log --install-scripts $base/lib/mypkg --single-version-externally-managed install_data
