[0.390s] Invoking command in '/home/tashu/ros2_ws/src/mypkg': PYTHONPATH=/home/tashu/ros2_ws/src/mypkg/build/mypkg/prefix_override:/usr/lib/python3/dist-packages/colcon_core/task/python/colcon_distutils_commands:/home/tashu/ros2_ws/src/mypkg/install/mypkg/lib/python3.8/site-packages:${PYTHONPATH} /usr/bin/python3 -W ignore:setup.py install is deprecated setup.py egg_info --egg-base build/mypkg build --build-base /home/tashu/ros2_ws/src/mypkg/build/mypkg/build install --record /home/tashu/ros2_ws/src/mypkg/build/mypkg/install.log --install-scripts $base/lib/mypkg --single-version-externally-managed install_data
[0.507s] running egg_info
[0.508s] writing build/mypkg/mypkg.egg-info/PKG-INFO
[0.508s] writing dependency_links to build/mypkg/mypkg.egg-info/dependency_links.txt
[0.508s] writing entry points to build/mypkg/mypkg.egg-info/entry_points.txt
[0.508s] writing requirements to build/mypkg/mypkg.egg-info/requires.txt
[0.508s] writing top-level names to build/mypkg/mypkg.egg-info/top_level.txt
[0.529s] reading manifest file 'build/mypkg/mypkg.egg-info/SOURCES.txt'
[0.530s] writing manifest file 'build/mypkg/mypkg.egg-info/SOURCES.txt'
[0.530s] running build
[0.530s] running build_py
[0.530s] running install
[0.531s] running install_lib
[0.532s] byte-compiling /home/tashu/ros2_ws/src/mypkg/install/mypkg/lib/python3.8/site-packages/mypkg/talker.py to talker.cpython-38.pyc
[0.533s]   File "/home/tashu/ros2_ws/src/mypkg/install/mypkg/lib/python3.8/site-packages/mypkg/talker.py", line 26
[0.533s]     if __name__ == '__main__'
[0.533s]                             ^
[0.533s] SyntaxError: invalid syntax
[0.533s] 
[0.533s] running install_data
[0.533s] running install_egg_info
[0.534s] removing '/home/tashu/ros2_ws/src/mypkg/install/mypkg/lib/python3.8/site-packages/mypkg-0.0.0-py3.8.egg-info' (and everything under it)
[0.534s] Copying build/mypkg/mypkg.egg-info to /home/tashu/ros2_ws/src/mypkg/install/mypkg/lib/python3.8/site-packages/mypkg-0.0.0-py3.8.egg-info
[0.535s] running install_scripts
[0.546s] Installing listener script to /home/tashu/ros2_ws/src/mypkg/install/mypkg/lib/mypkg
[0.546s] Installing talker script to /home/tashu/ros2_ws/src/mypkg/install/mypkg/lib/mypkg
[0.547s] writing list of installed files to '/home/tashu/ros2_ws/src/mypkg/build/mypkg/install.log'
[0.561s] Invoked command in '/home/tashu/ros2_ws/src/mypkg' returned '0': PYTHONPATH=/home/tashu/ros2_ws/src/mypkg/build/mypkg/prefix_override:/usr/lib/python3/dist-packages/colcon_core/task/python/colcon_distutils_commands:/home/tashu/ros2_ws/src/mypkg/install/mypkg/lib/python3.8/site-packages:${PYTHONPATH} /usr/bin/python3 -W ignore:setup.py install is deprecated setup.py egg_info --egg-base build/mypkg build --build-base /home/tashu/ros2_ws/src/mypkg/build/mypkg/build install --record /home/tashu/ros2_ws/src/mypkg/build/mypkg/install.log --install-scripts $base/lib/mypkg --single-version-externally-managed install_data
